
28/08/20 18:15 - __main__:INFO:Create new classifier with the catalog 'data\\gutenbergident.txt'...

28/08/20 18:17 - lib.author_ident:INFO:Load existing classifier with the catalog 'data\\gutenbergident.txt'...

28/08/20 18:17 - lib.author_ident:INFO:Add entry for 'Anthony Trollope'...

28/08/20 18:32 - lib.author_ident:INFO:Load existing classifier with the catalog 'data\\gutenbergident.txt'...

28/08/20 18:32 - lib.author_ident:INFO:Trained for 'Anthony Trollope'.

28/08/20 18:32 - lib.author_ident:INFO:Load existing classifier with the catalog 'data\\gutenbergident.txt'...

28/08/20 18:32 - lib.author_ident:INFO:Trained for 'Anthony Trollope'.

28/08/20 18:33 - lib.author_ident:INFO:Load existing classifier with the catalog 'data\\gutenbergident.txt'...

28/08/20 18:33 - lib.author_ident:INFO:Trained for 'Anthony Trollope'.

28/08/20 18:33 - lib.author_ident:INFO:Add entry for ''...

28/08/20 18:33 - lib.author_model:ERROR:Calling _extract_features(<lib.author_model.AuthorModel object at 0x16C93C30>, ["corpus\\\\training\\\\Charles Dickens\\Charles Dickens___A Child's History of England.txt", 'corpus\\\\training\\\\Charles Dickens\\Charles Dickens___A Christmas Carol.txt', 'corpus\\\\training\\\\Charles Dickens\\Charles Dickens___A Message from the Sea.txt', 'corpus\\\\training\\\\Charles Dickens\\Charles Dickens___A Tale of Two Cities.txt', 'corpus\\\\training\\\\Charles Dickens\\Charles Dickens___American Notes for General Circulation.txt', 'corpus\\\\training\\\\Charles Dickens\\Charles Dickens___Barnaby Rudge.txt', 'corpus\\\\training\\\\Charles Dickens\\Charles Dickens___Bleak House.txt', 'corpus\\\\training\\\\Charles Dickens\\Charles Dickens___Captain Boldheart & the Latin-Grammar Master.txt', "corpus\\\\training\\\\Charles Dickens\\Charles Dickens___Charles Dickens' Children Stories.txt", 'corpus\\\\training\\\\Charles Dickens\\Charles Dickens___David Copperfield.txt', 'corpus\\\\training\\\\Charles Dickens\\Charles Dickens___Doctor Marigold.txt', 'corpus\\\\training\\\\Charles Dickens\\Charles Dickens___Dombey and Son.txt', "corpus\\\\training\\\\Charles Dickens\\Charles Dickens___George Silverman's Explanation.txt", 'corpus\\\\training\\\\Charles Dickens\\Charles Dickens___Going into Society.txt', 'corpus\\\\training\\\\Charles Dickens\\Charles Dickens___Great Expectations.txt', 'corpus\\\\training\\\\Charles Dickens\\Charles Dickens___Hard Times.txt', 'corpus\\\\training\\\\Charles Dickens\\Charles Dickens___Holiday Romance.txt', 'corpus\\\\training\\\\Charles Dickens\\Charles Dickens___Oliver Twist.txt', 'corpus\\\\training\\\\Charles Dickens\\Charles Dickens___Our Mutual Friend.txt', 'corpus\\\\training\\\\Charles Dickens\\Charles Dickens___Pictures from Italy.txt', 'corpus\\\\training\\\\Charles Dickens\\Charles Dickens___Reprinted Pieces.txt', 'corpus\\\\training\\\\Charles Dickens\\Charles Dickens___Sketches by Boz.txt', 'corpus\\\\training\\\\Charles Dickens\\Charles Dickens___Sketches of Young Couples.txt', 'corpus\\\\training\\\\Charles Dickens\\Charles Dickens___Sketches of Young Gentlemen.txt', 'corpus\\\\training\\\\Charles Dickens\\Charles Dickens___Some Christmas Stories.txt', "corpus\\\\training\\\\Charles Dickens\\Charles Dickens___Somebody's Luggage.txt", 'corpus\\\\training\\\\Charles Dickens\\Charles Dickens___Speeches_ Literary and Social.txt', 'corpus\\\\training\\\\Charles Dickens\\Charles Dickens___The Magic Fishbone.txt', 'corpus\\\\training\\\\Charles Dickens\\Charles Dickens___The Mystery of Edwin Drood.txt', 'corpus\\\\training\\\\Charles Dickens\\Charles Dickens___The Old Curiosity Shop.txt', 'corpus\\\\training\\\\Charles Dickens\\Charles Dickens___The Perils of Certain English Prisoners.txt', 'corpus\\\\training\\\\Charles Dickens\\Charles Dickens___The Pickwick Papers.txt', 'corpus\\\\training\\\\Charles Dickens\\Charles Dickens___The Poems and Verses of Charles Dickens.txt', 'corpus\\\\training\\\\Charles Dickens\\Charles Dickens___The Seven Poor Travellers.txt', 'corpus\\\\training\\\\Charles Dickens\\Charles Dickens___The Trial of William Tinkling.txt', 'corpus\\\\training\\\\Charles Dickens\\Charles Dickens___The Uncommercial Traveller.txt', 'corpus\\\\training\\\\Charles Dickens\\Charles Dickens___The Wreck of the Golden Mary.txt', 'corpus\\\\training\\\\Charles Dickens\\Charles Dickens___Three Ghost Stories.txt', 'corpus\\\\training\\\\Charles Dickens\\Charles Dickens___To be Read at Dusk.txt', "corpus\\\\training\\\\Charles Dickens\\Charles Dickens___Tom Tiddler's Ground.txt"])...
Traceback (most recent call last):
  File "D:\Project\lib\errors.py", line 40, in wrapper
    value = func(*args, **kwargs)
  File "D:\Project\lib\author_model.py", line 233, in _extract_features
    for sent in self._nlp(file):
  File "D:\Project\lib\author_model.py", line 277, in _nlp
    lemma = AuthorModel._get_lemma(token, tag)
  File "D:\Project\lib\author_model.py", line 293, in _get_lemma
    tag_dict = {"J": wordnet.ADJ,
  File "C:\Users\Wencke\AppData\Local\Programs\Python\Python37-32\lib\site-packages\nltk\corpus\util.py", line 123, in __getattr__
    self.__load()
  File "C:\Users\Wencke\AppData\Local\Programs\Python\Python37-32\lib\site-packages\nltk\corpus\util.py", line 91, in __load
    corpus = self.__reader_cls(root, *self.__args, **self.__kwargs)
  File "C:\Users\Wencke\AppData\Local\Programs\Python\Python37-32\lib\site-packages\nltk\corpus\reader\wordnet.py", line 1152, in __init__
    self._load_lemma_pos_offset_map()
  File "C:\Users\Wencke\AppData\Local\Programs\Python\Python37-32\lib\site-packages\nltk\corpus\reader\wordnet.py", line 1204, in _load_lemma_pos_offset_map
    if line.startswith(' '):
KeyboardInterrupt

28/08/20 18:33 - lib.author_model:ERROR:Calling train(<class 'lib.author_model.AuthorModel'>, 'corpus\\\\training\\\\Charles Dickens')...
Traceback (most recent call last):
  File "D:\Project\lib\errors.py", line 40, in wrapper
    value = func(*args, **kwargs)
  File "D:\Project\lib\author_model.py", line 90, in train
    profile._extract_features(files)
  File "D:\Project\lib\errors.py", line 40, in wrapper
    value = func(*args, **kwargs)
  File "D:\Project\lib\author_model.py", line 233, in _extract_features
    for sent in self._nlp(file):
  File "D:\Project\lib\author_model.py", line 277, in _nlp
    lemma = AuthorModel._get_lemma(token, tag)
  File "D:\Project\lib\author_model.py", line 293, in _get_lemma
    tag_dict = {"J": wordnet.ADJ,
  File "C:\Users\Wencke\AppData\Local\Programs\Python\Python37-32\lib\site-packages\nltk\corpus\util.py", line 123, in __getattr__
    self.__load()
  File "C:\Users\Wencke\AppData\Local\Programs\Python\Python37-32\lib\site-packages\nltk\corpus\util.py", line 91, in __load
    corpus = self.__reader_cls(root, *self.__args, **self.__kwargs)
  File "C:\Users\Wencke\AppData\Local\Programs\Python\Python37-32\lib\site-packages\nltk\corpus\reader\wordnet.py", line 1152, in __init__
    self._load_lemma_pos_offset_map()
  File "C:\Users\Wencke\AppData\Local\Programs\Python\Python37-32\lib\site-packages\nltk\corpus\reader\wordnet.py", line 1204, in _load_lemma_pos_offset_map
    if line.startswith(' '):
KeyboardInterrupt

28/08/20 18:33 - lib.author_ident:ERROR:Calling train(<lib.author_ident.AuthorIdent object at 0x16C939B0>, '', 'corpus\\\\training\\\\Charles Dickens')...
Traceback (most recent call last):
  File "D:\Project\lib\errors.py", line 40, in wrapper
    value = func(*args, **kwargs)
  File "D:\Project\lib\author_ident.py", line 82, in train
    profile = AuthorModel.train(source)
  File "D:\Project\lib\errors.py", line 40, in wrapper
    value = func(*args, **kwargs)
  File "D:\Project\lib\author_model.py", line 90, in train
    profile._extract_features(files)
  File "D:\Project\lib\errors.py", line 40, in wrapper
    value = func(*args, **kwargs)
  File "D:\Project\lib\author_model.py", line 233, in _extract_features
    for sent in self._nlp(file):
  File "D:\Project\lib\author_model.py", line 277, in _nlp
    lemma = AuthorModel._get_lemma(token, tag)
  File "D:\Project\lib\author_model.py", line 293, in _get_lemma
    tag_dict = {"J": wordnet.ADJ,
  File "C:\Users\Wencke\AppData\Local\Programs\Python\Python37-32\lib\site-packages\nltk\corpus\util.py", line 123, in __getattr__
    self.__load()
  File "C:\Users\Wencke\AppData\Local\Programs\Python\Python37-32\lib\site-packages\nltk\corpus\util.py", line 91, in __load
    corpus = self.__reader_cls(root, *self.__args, **self.__kwargs)
  File "C:\Users\Wencke\AppData\Local\Programs\Python\Python37-32\lib\site-packages\nltk\corpus\reader\wordnet.py", line 1152, in __init__
    self._load_lemma_pos_offset_map()
  File "C:\Users\Wencke\AppData\Local\Programs\Python\Python37-32\lib\site-packages\nltk\corpus\reader\wordnet.py", line 1204, in _load_lemma_pos_offset_map
    if line.startswith(' '):
KeyboardInterrupt

28/08/20 18:34 - lib.author_ident:INFO:Load existing classifier with the catalog 'data\\gutenbergident.txt'...

28/08/20 18:34 - lib.author_ident:INFO:Trained for 'Anthony Trollope'.

28/08/20 18:34 - lib.author_ident:INFO:Add entry for 'Charles Dickens'...

28/08/20 18:46 - lib.author_ident:INFO:Load existing classifier with the catalog 'data\\gutenbergident.txt'...

28/08/20 18:46 - lib.author_ident:INFO:Trained for 'Anthony Trollope'.

28/08/20 18:46 - lib.author_ident:INFO:Trained for 'Charles Dickens'.

28/08/20 18:46 - lib.author_ident:INFO:Add entry for 'Charlotte Mary Yonge'...

28/08/20 19:00 - lib.author_ident:INFO:Load existing classifier with the catalog 'data\\gutenbergident.txt'...

28/08/20 19:00 - lib.author_ident:INFO:Trained for 'Anthony Trollope'.

28/08/20 19:00 - lib.author_ident:INFO:Trained for 'Charles Dickens'.

28/08/20 19:00 - lib.author_ident:INFO:Trained for 'Charlotte Mary Yonge'.

28/08/20 19:00 - lib.author_ident:ERROR:Calling train(<lib.author_ident.AuthorIdent object at 0x165DF770>, 'Charlotte Mary Yonge', 'corpus\\\\training\\\\George Alfred Henty')...
Traceback (most recent call last):
  File "D:\Project\lib\errors.py", line 37, in wrapper
    value = func(*args, **kwargs)
  File "D:\Project\lib\author_ident.py", line 80, in train
    raise CatalogError(f"An entry for '{author}' already exists.")
lib.errors.CatalogError: An entry for 'Charlotte Mary Yonge' already exists.

28/08/20 19:00 - lib.author_ident:INFO:Load existing classifier with the catalog 'data\\gutenbergident.txt'...

28/08/20 19:00 - lib.author_ident:INFO:Trained for 'Anthony Trollope'.

28/08/20 19:00 - lib.author_ident:INFO:Trained for 'Charles Dickens'.

28/08/20 19:00 - lib.author_ident:INFO:Trained for 'Charlotte Mary Yonge'.

28/08/20 19:00 - lib.author_ident:INFO:Add entry for 'George Alfred Henty'...

28/08/20 19:00 - lib.author_model:INFO:Current working directory: D:\Project

28/08/20 19:00 - lib.author_model:ERROR:Calling train(<class 'lib.author_model.AuthorModel'>, 'corpus\\\\training\\\\Gorge Alfred Henty')...
Traceback (most recent call last):
  File "D:\Project\lib\errors.py", line 37, in wrapper
    value = func(*args, **kwargs)
  File "D:\Project\lib\author_model.py", line 88, in train
    raise FileNotFoundError(f"Passed argument '{source}' matches no file or directory.")
FileNotFoundError: Passed argument 'corpus\\training\\Gorge Alfred Henty' matches no file or directory.

28/08/20 19:00 - lib.author_ident:ERROR:Calling train(<lib.author_ident.AuthorIdent object at 0x16F019D0>, 'George Alfred Henty', 'corpus\\\\training\\\\Gorge Alfred Henty')...
Traceback (most recent call last):
  File "D:\Project\lib\errors.py", line 37, in wrapper
    value = func(*args, **kwargs)
  File "D:\Project\lib\author_ident.py", line 82, in train
    profile = AuthorModel.train(source)
  File "D:\Project\lib\errors.py", line 37, in wrapper
    value = func(*args, **kwargs)
  File "D:\Project\lib\author_model.py", line 88, in train
    raise FileNotFoundError(f"Passed argument '{source}' matches no file or directory.")
FileNotFoundError: Passed argument 'corpus\\training\\Gorge Alfred Henty' matches no file or directory.

28/08/20 19:02 - lib.author_ident:INFO:Load existing classifier with the catalog 'data\\gutenbergident.txt'...

28/08/20 19:02 - lib.author_ident:INFO:Trained for 'Anthony Trollope'.

28/08/20 19:02 - lib.author_ident:INFO:Trained for 'Charles Dickens'.

28/08/20 19:02 - lib.author_ident:INFO:Trained for 'Charlotte Mary Yonge'.

28/08/20 19:02 - lib.author_ident:INFO:Add entry for 'George Alfred Henty'...

28/08/20 19:43 - lib.author_ident:INFO:Load existing classifier with the catalog 'data\\gutenbergident.txt'...

28/08/20 19:43 - lib.author_ident:INFO:Trained for 'Anthony Trollope'.

28/08/20 19:43 - lib.author_ident:INFO:Trained for 'Charles Dickens'.

28/08/20 19:43 - lib.author_ident:INFO:Trained for 'Charlotte Mary Yonge'.

28/08/20 19:43 - lib.author_ident:INFO:Trained for 'George Alfred Henty'.

28/08/20 19:43 - lib.author_ident:ERROR:Calling train(<lib.author_ident.AuthorIdent object at 0x16D23A10>, 'George Alfred Henty', 'corpus\\\\training\\\\George Alfred Henty')...
Traceback (most recent call last):
  File "D:\Project\lib\errors.py", line 37, in wrapper
    value = func(*args, **kwargs)
  File "D:\Project\lib\author_ident.py", line 80, in train
    raise CatalogError(f"An entry for '{author}' already exists.")
lib.errors.CatalogError: An entry for 'George Alfred Henty' already exists.

28/08/20 19:44 - lib.author_ident:INFO:Load existing classifier with the catalog 'data\\gutenbergident.txt'...

28/08/20 19:44 - lib.author_ident:INFO:Trained for 'Anthony Trollope'.

28/08/20 19:44 - lib.author_ident:INFO:Trained for 'Charles Dickens'.

28/08/20 19:44 - lib.author_ident:INFO:Trained for 'Charlotte Mary Yonge'.

28/08/20 19:44 - lib.author_ident:INFO:Trained for 'George Alfred Henty'.

28/08/20 19:44 - lib.author_ident:INFO:Add entry for 'Henry Rider Haggard'...

28/08/20 20:23 - lib.author_ident:INFO:Load existing classifier with the catalog 'data\\gutenbergident.txt'...

28/08/20 20:23 - lib.author_ident:INFO:Trained for 'Anthony Trollope'.

28/08/20 20:23 - lib.author_ident:INFO:Trained for 'Charles Dickens'.

28/08/20 20:23 - lib.author_ident:INFO:Trained for 'Charlotte Mary Yonge'.

28/08/20 20:23 - lib.author_ident:INFO:Trained for 'George Alfred Henty'.

28/08/20 20:23 - lib.author_ident:INFO:Trained for 'Henry Rider Haggard'.

28/08/20 20:23 - lib.author_ident:INFO:Add entry for 'James Fenimore Cooper'...

28/08/20 20:33 - lib.author_ident:INFO:Load existing classifier with the catalog 'data\\gutenbergident.txt'...

28/08/20 20:33 - lib.author_ident:INFO:Trained for 'Anthony Trollope'.

28/08/20 20:33 - lib.author_ident:INFO:Trained for 'Charles Dickens'.

28/08/20 20:33 - lib.author_ident:INFO:Trained for 'Charlotte Mary Yonge'.

28/08/20 20:33 - lib.author_ident:INFO:Trained for 'George Alfred Henty'.

28/08/20 20:33 - lib.author_ident:INFO:Trained for 'Henry Rider Haggard'.

28/08/20 20:33 - lib.author_ident:INFO:Trained for 'James Fenimore Cooper'.

28/08/20 20:33 - lib.author_ident:ERROR:Calling train(<lib.author_ident.AuthorIdent object at 0x178739D0>, 'James Fenimore Cooper', 'corpus\\\\training\\\\James Fenimore Cooper')...
Traceback (most recent call last):
  File "D:\Project\lib\errors.py", line 37, in wrapper
    value = func(*args, **kwargs)
  File "D:\Project\lib\author_ident.py", line 80, in train
    raise CatalogError(f"An entry for '{author}' already exists.")
lib.errors.CatalogError: An entry for 'James Fenimore Cooper' already exists.

28/08/20 20:40 - lib.author_ident:INFO:Load existing classifier with the catalog 'data\\gutenbergident.txt'...

28/08/20 20:40 - lib.author_ident:INFO:Trained for 'Anthony Trollope'.

28/08/20 20:40 - lib.author_ident:INFO:Trained for 'Charles Dickens'.

28/08/20 20:40 - lib.author_ident:INFO:Trained for 'Charlotte Mary Yonge'.

28/08/20 20:40 - lib.author_ident:INFO:Trained for 'George Alfred Henty'.

28/08/20 20:40 - lib.author_ident:INFO:Trained for 'Henry Rider Haggard'.

28/08/20 20:40 - lib.author_ident:INFO:Trained for 'James Fenimore Cooper'.

28/08/20 20:40 - lib.author_ident:INFO:Add entry for 'R M Ballantyne'...

28/08/20 20:52 - lib.author_ident:INFO:Load existing classifier with the catalog 'data\\gutenbergident.txt'...

28/08/20 20:52 - lib.author_ident:INFO:Trained for 'Anthony Trollope'.

28/08/20 20:52 - lib.author_ident:INFO:Trained for 'Charles Dickens'.

28/08/20 20:52 - lib.author_ident:INFO:Trained for 'Charlotte Mary Yonge'.

28/08/20 20:52 - lib.author_ident:INFO:Trained for 'George Alfred Henty'.

28/08/20 20:52 - lib.author_ident:INFO:Trained for 'Henry Rider Haggard'.

28/08/20 20:52 - lib.author_ident:INFO:Trained for 'James Fenimore Cooper'.

28/08/20 20:52 - lib.author_ident:INFO:Trained for 'R M Ballantyne'.

28/08/20 20:52 - lib.author_ident:INFO:Add entry for 'Robert Louis Stevenson'...

28/08/20 21:06 - lib.author_ident:INFO:Load existing classifier with the catalog 'data\\gutenbergident.txt'...

28/08/20 21:06 - lib.author_ident:INFO:Trained for 'Anthony Trollope'.

28/08/20 21:06 - lib.author_ident:INFO:Trained for 'Charles Dickens'.

28/08/20 21:06 - lib.author_ident:INFO:Trained for 'Charlotte Mary Yonge'.

28/08/20 21:06 - lib.author_ident:INFO:Trained for 'George Alfred Henty'.

28/08/20 21:06 - lib.author_ident:INFO:Trained for 'Henry Rider Haggard'.

28/08/20 21:06 - lib.author_ident:INFO:Trained for 'James Fenimore Cooper'.

28/08/20 21:06 - lib.author_ident:INFO:Trained for 'R M Ballantyne'.

28/08/20 21:06 - lib.author_ident:INFO:Trained for 'Robert Louis Stevenson'.

28/08/20 21:06 - lib.author_ident:INFO:Add entry for 'Sir Walter Scott'...

28/08/20 21:15 - lib.author_ident:INFO:Load existing classifier with the catalog 'data\\gutenbergident.txt'...

28/08/20 21:15 - lib.author_ident:INFO:Trained for 'Anthony Trollope'.

28/08/20 21:15 - lib.author_ident:INFO:Trained for 'Charles Dickens'.

28/08/20 21:15 - lib.author_ident:INFO:Trained for 'Charlotte Mary Yonge'.

28/08/20 21:15 - lib.author_ident:INFO:Trained for 'George Alfred Henty'.

28/08/20 21:15 - lib.author_ident:INFO:Trained for 'Henry Rider Haggard'.

28/08/20 21:15 - lib.author_ident:INFO:Trained for 'James Fenimore Cooper'.

28/08/20 21:15 - lib.author_ident:INFO:Trained for 'R M Ballantyne'.

28/08/20 21:15 - lib.author_ident:INFO:Trained for 'Robert Louis Stevenson'.

28/08/20 21:15 - lib.author_ident:INFO:Trained for 'Sir Walter Scott'.

28/08/20 21:15 - lib.author_ident:INFO:Add entry for 'William Dean Howells'...
